<?xml version="1.0" encoding="utf-8" standalone="no"?>
<!--This file represents the results of running a test suite-->
<test-results name="C:\Users\Irina_Pisarik\Documents\Visual Studio 2013\Projects\gmail\gmail\bin\debug\GMail.dll" total="45" errors="6" failures="3" not-run="0" inconclusive="0" ignored="0" skipped="0" invalid="0" date="2015-04-29" time="11:46:48">
  <environment nunit-version="2.6.4.14350" clr-version="2.0.50727.5485" os-version="Microsoft Windows NT 6.1.7601 Service Pack 1" platform="Win32NT" cwd="C:\Program Files (x86)\Jenkins\jobs\GMail\workspace" machine-name="EPBYMINW4455" user="Iryna_Pisaryk" user-domain="MINSK" />
  <culture-info current-culture="en-US" current-uiculture="en-US" />
  <test-suite type="Assembly" name="C:\Users\Irina_Pisarik\Documents\Visual Studio 2013\Projects\gmail\gmail\bin\debug\GMail.dll" executed="True" result="Failure" success="False" time="474.284" asserts="0">
    <results>
      <test-suite type="Namespace" name="GMail" executed="True" result="Failure" success="False" time="474.264" asserts="0">
        <results>
          <test-suite type="Namespace" name="_1" executed="True" result="Failure" success="False" time="474.264" asserts="0">
            <results>
              <test-suite type="Namespace" name="_1" executed="True" result="Failure" success="False" time="63.985" asserts="0">
                <results>
                  <test-suite type="TestFixture" name="IsSentLetterInSpam" executed="True" result="Failure" success="False" time="63.982" asserts="0">
                    <results>
                      <test-case name="GMail._1._1.IsSentLetterInSpam._Step_A_LoginFirstUser" executed="True" result="Success" success="True" time="2.200" asserts="0" />
                      <test-case name="GMail._1._1.IsSentLetterInSpam._Step_B_SendLetterToSecondUser" executed="True" result="Success" success="True" time="9.791" asserts="0" />
                      <test-case name="GMail._1._1.IsSentLetterInSpam._Step_C_LogoutFirstUser" executed="True" result="Success" success="True" time="1.217" asserts="0" />
                      <test-case name="GMail._1._1.IsSentLetterInSpam._Step_D_LoginSecondUser" executed="True" result="Success" success="True" time="3.444" asserts="0" />
                      <test-case name="GMail._1._1.IsSentLetterInSpam._Step_E_GetSentLetter" executed="True" result="Success" success="True" time="4.802" asserts="0" />
                      <test-case name="GMail._1._1.IsSentLetterInSpam._Step_F_SendLetterIntoSpam" executed="True" result="Success" success="True" time="3.675" asserts="0" />
                      <test-case name="GMail._1._1.IsSentLetterInSpam._Step_G_LogoutSecondUser" executed="True" result="Success" success="True" time="1.600" asserts="0" />
                      <test-case name="GMail._1._1.IsSentLetterInSpam._Step_H_LoginFirstUser" executed="True" result="Success" success="True" time="3.007" asserts="0" />
                      <test-case name="GMail._1._1.IsSentLetterInSpam._Step_I_SendLetterToSecondUser" executed="True" result="Success" success="True" time="9.950" asserts="0" />
                      <test-case name="GMail._1._1.IsSentLetterInSpam._Step_J_LogoutFirstUser" executed="True" result="Success" success="True" time="2.284" asserts="0" />
                      <test-case name="GMail._1._1.IsSentLetterInSpam._Step_K_LoginSecondUser" executed="True" result="Success" success="True" time="3.292" asserts="0" />
                      <test-case name="GMail._1._1.IsSentLetterInSpam._Step_L_GoIntoSpam" executed="True" result="Success" success="True" time="4.861" asserts="0" />
                      <test-case name="GMail._1._1.IsSentLetterInSpam._Step_M_IsNeededLetterInSpam" executed="True" result="Failure" success="False" time="3.937" asserts="1">
                        <failure>
                          <message><![CDATA[  Expected: True
  But was:  False
]]></message>
                          <stack-trace><![CDATA[at GMail._1._1.IsSentLetterInSpam._Step_M_IsNeededLetterInSpam() in c:\Users\Irina_Pisarik\Documents\Visual Studio 2013\Projects\gmail\gmail\1.1\IsSentLetterInSpam.cs:line 116
]]></stack-trace>
                        </failure>
                      </test-case>
                    </results>
                  </test-suite>
                </results>
              </test-suite>
              <test-suite type="Namespace" name="_2" executed="True" result="Success" success="True" time="33.932" asserts="0">
                <results>
                  <test-suite type="TestFixture" name="IsGotForwardForLetter" executed="True" result="Success" success="True" time="33.931" asserts="0">
                    <results>
                      <test-case name="GMail._1._2.IsGotForwardForLetter._Step_A_LoginSecondUser" executed="True" result="Success" success="True" time="2.002" asserts="0" />
                      <test-case name="GMail._1._2.IsGotForwardForLetter._Step_B_MoveIntoSettings" executed="True" result="Success" success="True" time="3.929" asserts="0" />
                      <test-case name="GMail._1._2.IsGotForwardForLetter._Step_C_MoveIntoFofward" executed="True" result="Success" success="True" time="5.333" asserts="0" />
                      <test-case name="GMail._1._2.IsGotForwardForLetter._Step_D_SetForwardAdress" executed="True" result="Success" success="True" time="1.664" asserts="0" />
                      <test-case name="GMail._1._2.IsGotForwardForLetter._Step_E_SetFofwardParams" executed="True" result="Success" success="True" time="3.199" asserts="0" />
                      <test-case name="GMail._1._2.IsGotForwardForLetter._Step_F_LogoutSecondUser" executed="True" result="Success" success="True" time="0.799" asserts="0" />
                      <test-case name="GMail._1._2.IsGotForwardForLetter._Step_G_LoginThirdUser" executed="True" result="Success" success="True" time="3.368" asserts="0" />
                      <test-case name="GMail._1._2.IsGotForwardForLetter._Step_H_ConfirmForward" executed="True" result="Success" success="True" time="5.063" asserts="0" />
                    </results>
                  </test-suite>
                </results>
              </test-suite>
              <test-suite type="Namespace" name="_3" executed="True" result="Failure" success="False" time="83.020" asserts="0">
                <results>
                  <test-suite type="TestFixture" name="IsItPossibleToAttachFileWithSizeMoreThenPermitted" executed="True" result="Failure" success="False" time="83.016" asserts="0">
                    <results>
                      <test-case name="GMail._1._3.IsItPossibleToAttachFileWithSizeMoreThenPermitted._Step_A_LoginUser" executed="True" result="Success" success="True" time="2.087" asserts="0" />
                      <test-case name="GMail._1._3.IsItPossibleToAttachFileWithSizeMoreThenPermitted._Step_B_CreateMessage" executed="True" result="Success" success="True" time="9.838" asserts="0" />
                      <test-case name="GMail._1._3.IsItPossibleToAttachFileWithSizeMoreThenPermitted._Step_C_AttachFile" executed="True" result="Success" success="True" time="2.363" asserts="0" />
                      <test-case name="GMail._1._3.IsItPossibleToAttachFileWithSizeMoreThenPermitted._Step_D_DidAttachFile" executed="True" result="Error" success="False" time="60.053" asserts="0">
                        <failure>
                          <message><![CDATA[OpenQA.Selenium.WebDriverException : The HTTP request to the remote WebDriver server for URL http://localhost:7055/hub/session/93001669-1e62-4abe-944f-a291a35724d6/element timed out after 60 seconds.
  ----> System.Net.WebException : The operation has timed out]]></message>
                          <stack-trace><![CDATA[at OpenQA.Selenium.Remote.HttpCommandExecutor.CreateResponse(WebRequest request)
at OpenQA.Selenium.Firefox.FirefoxDriverCommandExecutor.Execute(Command commandToExecute)
at OpenQA.Selenium.Remote.RemoteWebDriver.Execute(String driverCommandToExecute, Dictionary`2 parameters)
at OpenQA.Selenium.Remote.RemoteWebDriver.FindElement(String mechanism, String value)
at OpenQA.Selenium.By.FindElement(ISearchContext context)
at OpenQA.Selenium.Support.PageObjects.DefaultElementLocatorFactory.LocateElement(ISearchContext searchContext, IEnumerable`1 bys)
at OpenQA.Selenium.Support.PageObjects.WebElementProxy.get_Displayed()
at GMail.Pages.AttachFilePage.IsAlterDialogExist() in c:\Users\Irina_Pisarik\Documents\Visual Studio 2013\Projects\gmail\gmail\Pages\AttachFilePage.cs:line 26
at GMail.Handlers.AlterDialogToAttachFileHandler.IsSucessfulAttach() in c:\Users\Irina_Pisarik\Documents\Visual Studio 2013\Projects\gmail\gmail\Handlers\AlterDialogToAttachFileHandler.cs:line 24
at GMail._1._3.IsItPossibleToAttachFileWithSizeMoreThenPermitted._Step_D_DidAttachFile() in c:\Users\Irina_Pisarik\Documents\Visual Studio 2013\Projects\gmail\gmail\1.3\IsItPossibleToAttachFileWithSizeMoreThenPermitted.cs:line 52
--WebException
at System.Net.HttpWebRequest.GetResponse()
at OpenQA.Selenium.Remote.HttpCommandExecutor.CreateResponse(WebRequest request)
]]></stack-trace>
                        </failure>
                      </test-case>
                    </results>
                  </test-suite>
                </results>
              </test-suite>
              <test-suite type="Namespace" name="_4" executed="True" result="Inconclusive" success="False" time="0.003" asserts="0">
                <results>
                  <test-suite type="TestFixture" name="IsItPossibleToLoadPictureWithAnIncorrectExtension" executed="True" result="Inconclusive" success="False" time="0.001" asserts="0" />
                </results>
              </test-suite>
              <test-suite type="Namespace" name="_5" executed="True" result="Failure" success="False" time="148.621" asserts="0">
                <results>
                  <test-suite type="TestFixture" name="SendLetterWithEmoticon" executed="True" result="Failure" success="False" time="148.620" asserts="0">
                    <results>
                      <test-case name="GMail._1._5.SendLetterWithEmoticon._Step_A_LoginFirstUser" executed="True" result="Success" success="True" time="2.465" asserts="0" />
                      <test-case name="GMail._1._5.SendLetterWithEmoticon._Step_B_CreateLetterToSecondUser" executed="True" result="Success" success="True" time="9.064" asserts="0" />
                      <test-case name="GMail._1._5.SendLetterWithEmoticon._Step_C_SetEmoticons" executed="True" result="Error" success="False" time="62.718" asserts="0">
                        <failure>
                          <message><![CDATA[OpenQA.Selenium.WebDriverException : The HTTP request to the remote WebDriver server for URL http://localhost:7055/hub/session/5b124208-e963-4195-a0ac-757648069983/element/%7Bc4cbb6c3-2257-4079-a44c-d22c4a4dba13%7D/click timed out after 60 seconds.
  ----> System.Net.WebException : The operation has timed out]]></message>
                          <stack-trace><![CDATA[at OpenQA.Selenium.Remote.HttpCommandExecutor.CreateResponse(WebRequest request)
at OpenQA.Selenium.Firefox.FirefoxDriverCommandExecutor.Execute(Command commandToExecute)
at OpenQA.Selenium.Remote.RemoteWebDriver.Execute(String driverCommandToExecute, Dictionary`2 parameters)
at GMail.Pages.EmoticonPage.SetEmoticons() in c:\Users\Irina_Pisarik\Documents\Visual Studio 2013\Projects\gmail\gmail\Pages\EmoticonPage.cs:line 55
at GMail.Handlers.EmoticonHandler.SetEmoticons() in c:\Users\Irina_Pisarik\Documents\Visual Studio 2013\Projects\gmail\gmail\Handlers\EmoticonHandler.cs:line 28
at GMail._1._5.SendLetterWithEmoticon._Step_C_SetEmoticons() in c:\Users\Irina_Pisarik\Documents\Visual Studio 2013\Projects\gmail\gmail\1.5\SendLetterWithEmoticon.cs:line 52
--WebException
at System.Net.HttpWebRequest.GetResponse()
at OpenQA.Selenium.Remote.HttpCommandExecutor.CreateResponse(WebRequest request)
]]></stack-trace>
                        </failure>
                      </test-case>
                      <test-case name="GMail._1._5.SendLetterWithEmoticon._Step_D_TapIntoSendButton" executed="True" result="Success" success="True" time="4.832" asserts="0" />
                      <test-case name="GMail._1._5.SendLetterWithEmoticon._Step_E_GetSentLetter" executed="True" result="Error" success="False" time="60.025" asserts="0">
                        <failure>
                          <message><![CDATA[OpenQA.Selenium.WebDriverException : The HTTP request to the remote WebDriver server for URL http://localhost:7055/hub/session/5b124208-e963-4195-a0ac-757648069983/elements timed out after 60 seconds.
  ----> System.Net.WebException : The operation has timed out]]></message>
                          <stack-trace><![CDATA[at OpenQA.Selenium.Remote.HttpCommandExecutor.CreateResponse(WebRequest request)
at OpenQA.Selenium.Firefox.FirefoxDriverCommandExecutor.Execute(Command commandToExecute)
at OpenQA.Selenium.Remote.RemoteWebDriver.Execute(String driverCommandToExecute, Dictionary`2 parameters)
at OpenQA.Selenium.Remote.RemoteWebDriver.FindElements(String mechanism, String value)
at OpenQA.Selenium.By.FindElements(ISearchContext context)
at GMail.Pages.MailboxPage.GetSentMessage(String theme, String text) in c:\Users\Irina_Pisarik\Documents\Visual Studio 2013\Projects\gmail\gmail\Pages\MailboxPage.cs:line 138
at GMail.Pages.MailboxPage.ClickIntoSentMessage(String theme, String text) in c:\Users\Irina_Pisarik\Documents\Visual Studio 2013\Projects\gmail\gmail\Pages\MailboxPage.cs:line 112
at GMail.Handlers.MailboxHandler.GetLetter(String theme, String text) in c:\Users\Irina_Pisarik\Documents\Visual Studio 2013\Projects\gmail\gmail\Handlers\MailboxHandler.cs:line 80
at GMail._1._5.SendLetterWithEmoticon._Step_E_GetSentLetter() in c:\Users\Irina_Pisarik\Documents\Visual Studio 2013\Projects\gmail\gmail\1.5\SendLetterWithEmoticon.cs:line 67
--WebException
at System.Net.HttpWebRequest.GetResponse()
at OpenQA.Selenium.Remote.HttpCommandExecutor.CreateResponse(WebRequest request)
]]></stack-trace>
                        </failure>
                      </test-case>
                      <test-case name="GMail._1._5.SendLetterWithEmoticon._Step_F_IsSentLetterContainsCorrectEmoticons" executed="True" result="Error" success="False" time="0.001" asserts="0">
                        <failure>
                          <message><![CDATA[System.NullReferenceException : Object reference not set to an instance of an object.]]></message>
                          <stack-trace><![CDATA[at GMail._1._5.SendLetterWithEmoticon._Step_F_IsSentLetterContainsCorrectEmoticons() in c:\Users\Irina_Pisarik\Documents\Visual Studio 2013\Projects\gmail\gmail\1.5\SendLetterWithEmoticon.cs:line 74
]]></stack-trace>
                        </failure>
                      </test-case>
                    </results>
                  </test-suite>
                </results>
              </test-suite>
              <test-suite type="Namespace" name="_6" executed="True" result="Success" success="True" time="21.691" asserts="0">
                <results>
                  <test-suite type="TestFixture" name="IsUserThemeChange" executed="True" result="Success" success="True" time="21.690" asserts="0">
                    <results>
                      <test-case name="GMail._1._6.IsUserThemeChange._Step_A_LoginFistUser" executed="True" result="Success" success="True" time="2.375" asserts="0" />
                      <test-case name="GMail._1._6.IsUserThemeChange._Step_B_GoToTheSettings" executed="True" result="Success" success="True" time="5.054" asserts="0" />
                      <test-case name="GMail._1._6.IsUserThemeChange._Step_C_GetTheme" executed="True" result="Success" success="True" time="3.667" asserts="0" />
                      <test-case name="GMail._1._6.IsUserThemeChange._Step_C_SetTheme" executed="True" result="Success" success="True" time="2.284" asserts="0" />
                    </results>
                  </test-suite>
                </results>
              </test-suite>
              <test-suite type="Namespace" name="_7" executed="True" result="Failure" success="False" time="23.975" asserts="0">
                <results>
                  <test-suite type="TestFixture" name="SendLetterWithMeeting" executed="True" result="Failure" success="False" time="23.974" asserts="0">
                    <results>
                      <test-case name="GMail._1._7.SendLetterWithMeeting._Step_A_GetNewLetter" executed="True" result="Success" success="True" time="8.332" asserts="1" />
                      <test-case name="GMail._1._7.SendLetterWithMeeting._Step_B_WriteDestination" executed="True" result="Success" success="True" time="2.207" asserts="0" />
                      <test-case name="GMail._1._7.SendLetterWithMeeting._Step_C_TapIntoPaperclipIcon" executed="True" result="Failure" success="False" time="1.350" asserts="0">
                        <failure>
                          <message><![CDATA[]]></message>
                          <stack-trace><![CDATA[at GMail._1._7.SendLetterWithMeeting._Step_C_TapIntoPaperclipIcon() in c:\Users\Irina_Pisarik\Documents\Visual Studio 2013\Projects\gmail\gmail\1.7\SendLetterWithMeeting.cs:line 53
]]></stack-trace>
                        </failure>
                      </test-case>
                    </results>
                  </test-suite>
                </results>
              </test-suite>
              <test-suite type="Namespace" name="_8" executed="True" result="Failure" success="False" time="21.813" asserts="0">
                <results>
                  <test-suite type="TestFixture" name="IsShortcutCreated" executed="True" result="Failure" success="False" time="21.811" asserts="0">
                    <results>
                      <test-case name="GMail._1._8.IsShortcutCreated._Step_A_ShotcutDialog" executed="True" result="Success" success="True" time="4.605" asserts="0" />
                      <test-case name="GMail._1._8.IsShortcutCreated._Step_B_PreparingToCreateNewShortcut" executed="True" result="Success" success="True" time="0.845" asserts="0" />
                      <test-case name="GMail._1._8.IsShortcutCreated._Step_C_CreateNewShortcut" executed="True" result="Success" success="True" time="2.136" asserts="0" />
                      <test-case name="GMail._1._8.IsShortcutCreated._Step_D_IsNewShortcutExist" executed="True" result="Failure" success="False" time="1.844" asserts="1">
                        <failure>
                          <message><![CDATA[  Expected: True
  But was:  False
]]></message>
                          <stack-trace><![CDATA[at GMail._1._8.IsShortcutCreated._Step_D_IsNewShortcutExist() in c:\Users\Irina_Pisarik\Documents\Visual Studio 2013\Projects\gmail\gmail\1.8\IsShortcutCreated.cs:line 53
]]></stack-trace>
                        </failure>
                      </test-case>
                    </results>
                  </test-suite>
                </results>
              </test-suite>
              <test-suite type="Namespace" name="_9" executed="True" result="Failure" success="False" time="77.195" asserts="0">
                <results>
                  <test-suite type="TestFixture" name="IsBothShortcutHasSameColour" executed="True" result="Failure" success="False" time="77.194" asserts="0">
                    <results>
                      <test-case name="GMail._1._9.IsBothShortcutHasSameColour._Step_A_ShotcutDialog" executed="True" result="Success" success="True" time="4.427" asserts="0" />
                      <test-case name="GMail._1._9.IsBothShortcutHasSameColour._Step_B_SetColour" executed="True" result="Error" success="False" time="60.005" asserts="0">
                        <failure>
                          <message><![CDATA[OpenQA.Selenium.WebDriverException : The HTTP request to the remote WebDriver server for URL http://localhost:7055/hub/session/f98bf538-bd6c-4595-91a9-38dde7737110/element timed out after 60 seconds.
  ----> System.Net.WebException : The operation has timed out]]></message>
                          <stack-trace><![CDATA[at OpenQA.Selenium.Remote.HttpCommandExecutor.CreateResponse(WebRequest request)
at OpenQA.Selenium.Firefox.FirefoxDriverCommandExecutor.Execute(Command commandToExecute)
at OpenQA.Selenium.Remote.RemoteWebDriver.Execute(String driverCommandToExecute, Dictionary`2 parameters)
at OpenQA.Selenium.Remote.RemoteWebDriver.FindElement(String mechanism, String value)
at OpenQA.Selenium.By.FindElement(ISearchContext context)
at OpenQA.Selenium.Support.PageObjects.DefaultElementLocatorFactory.LocateElement(ISearchContext searchContext, IEnumerable`1 bys)
at OpenQA.Selenium.Support.PageObjects.WebElementProxy.SendKeys(String text)
at GMail.Pages.ShortcutPage.GetColourMenu() in c:\Users\Irina_Pisarik\Documents\Visual Studio 2013\Projects\gmail\gmail\Pages\ShortcutPage.cs:line 38
at GMail.Handlers.ShortcutHandler.SetShortcutColour() in c:\Users\Irina_Pisarik\Documents\Visual Studio 2013\Projects\gmail\gmail\Handlers\ShortcutHandler.cs:line 33
at GMail._1._9.IsBothShortcutHasSameColour._Step_B_SetColour() in c:\Users\Irina_Pisarik\Documents\Visual Studio 2013\Projects\gmail\gmail\1.9\IsBothShortcutHasSameColour.cs:line 44
--WebException
at System.Net.HttpWebRequest.GetResponse()
at OpenQA.Selenium.Remote.HttpCommandExecutor.CreateResponse(WebRequest request)
]]></stack-trace>
                        </failure>
                      </test-case>
                      <test-case name="GMail._1._9.IsBothShortcutHasSameColour._Step_C_IsWriteColour" executed="True" result="Error" success="False" time="0.001" asserts="0">
                        <failure>
                          <message><![CDATA[System.NullReferenceException : Object reference not set to an instance of an object.]]></message>
                          <stack-trace><![CDATA[at GMail._1._9.IsBothShortcutHasSameColour._Step_C_IsWriteColour() in c:\Users\Irina_Pisarik\Documents\Visual Studio 2013\Projects\gmail\gmail\1.9\IsBothShortcutHasSameColour.cs:line 50
]]></stack-trace>
                        </failure>
                      </test-case>
                    </results>
                  </test-suite>
                </results>
              </test-suite>
            </results>
          </test-suite>
        </results>
      </test-suite>
    </results>
  </test-suite>
</test-results>